<?xml version="1.0" encoding="UTF-8"?>
<!-- Generated by org.testng.reporters.JUnitReportReporter -->
<testsuite hostname="DESKTOP-MN0A3FR" failures="0" tests="1" name="toolQA.test.FormsPageTest" time="14.982" errors="0" timestamp="2021-09-28T13:50:58 IST" skipped="0">
  <testcase classname="toolQA.test.FormsPageTest" name="PracticeFormValidation" time="14.982"/>
  <system-out/>
</testsuite> <!-- toolQA.test.FormsPageTest -->
