<?xml version="1.0" encoding="UTF-8"?>
<!-- Generated by org.testng.reporters.JUnitReportReporter -->
<testsuite skipped="0" hostname="DESKTOP-MN0A3FR" name="toolQA.test.WidgetsPageTest" tests="1" failures="0" timestamp="2022-09-08T11:32:00 IST" time="34.770" errors="0">
  <testcase name="Slider_Bar_test" time="34.770" classname="toolQA.test.WidgetsPageTest"/>
  <system-out/>
</testsuite> <!-- toolQA.test.WidgetsPageTest -->
