<?xml version="1.0" encoding="UTF-8"?>
<!-- Generated by org.testng.reporters.JUnitReportReporter -->
<testsuite hostname="DESKTOP-MN0A3FR" failures="0" tests="5" name="toolQA.test.AlertsFrameWindowsPageTest" time="53.605" errors="0" timestamp="2021-09-28T13:50:58 IST" skipped="0">
  <testcase classname="toolQA.test.AlertsFrameWindowsPageTest" name="BrowserWindowsValidation" time="29.179"/>
  <system-out/>
  <testcase classname="toolQA.test.AlertsFrameWindowsPageTest" name="AlertsValidationa" time="8.517"/>
  <system-out/>
  <testcase classname="toolQA.test.AlertsFrameWindowsPageTest" name="FramesValidation" time="6.639"/>
  <system-out/>
  <testcase classname="toolQA.test.AlertsFrameWindowsPageTest" name="NestedFramesValidation" time="2.607"/>
  <system-out/>
  <testcase classname="toolQA.test.AlertsFrameWindowsPageTest" name="ModalDialogValidation" time="6.663"/>
  <system-out/>
</testsuite> <!-- toolQA.test.AlertsFrameWindowsPageTest -->
