<?xml version="1.0" encoding="UTF-8"?>
<!-- Generated by org.testng.reporters.JUnitReportReporter -->
<testsuite hostname="DESKTOP-MN0A3FR" failures="0" tests="5" name="toolQA.test.AlertsFrameWindowsPageTest" time="53.489" errors="0" timestamp="2021-11-10T11:24:52 IST" skipped="0">
  <testcase classname="toolQA.test.AlertsFrameWindowsPageTest" name="BrowserWindowsValidation" time="29.194"/>
  <system-out/>
  <testcase classname="toolQA.test.AlertsFrameWindowsPageTest" name="AlertsValidationa" time="8.561"/>
  <system-out/>
  <testcase classname="toolQA.test.AlertsFrameWindowsPageTest" name="FramesValidation" time="6.537"/>
  <system-out/>
  <testcase classname="toolQA.test.AlertsFrameWindowsPageTest" name="NestedFramesValidation" time="2.515"/>
  <system-out/>
  <testcase classname="toolQA.test.AlertsFrameWindowsPageTest" name="ModalDialogValidation" time="6.682"/>
  <system-out/>
</testsuite> <!-- toolQA.test.AlertsFrameWindowsPageTest -->
