<?xml version="1.0" encoding="UTF-8"?>
<!-- Generated by org.testng.reporters.JUnitReportReporter -->
<testsuite hostname="DESKTOP-MN0A3FR" failures="0" tests="2" name="toolQA.test.Grouping" time="0.013" errors="0" timestamp="2021-12-22T18:52:34 IST" skipped="0">
  <testcase classname="toolQA.test.Grouping" name="fuction1" time="0.010"/>
  <system-out/>
  <testcase classname="toolQA.test.Grouping" name="fuction4" time="0.003"/>
  <system-out/>
</testsuite> <!-- toolQA.test.Grouping -->
