<?xml version="1.0" encoding="UTF-8"?>
<!-- Generated by org.testng.reporters.JUnitReportReporter -->
<testsuite hostname="DESKTOP-MN0A3FR" failures="0" tests="9" name="toolQA.test.ElementPageTest" time="66.495" errors="0" timestamp="2021-09-28T13:50:58 IST" skipped="0">
  <testcase classname="toolQA.test.ElementPageTest" name="TextBoxValidation" time="5.628"/>
  <system-out/>
  <testcase classname="toolQA.test.ElementPageTest" name="CheckBoxValidation" time="7.046"/>
  <system-out/>
  <testcase classname="toolQA.test.ElementPageTest" name="RadioButtonValidation" time="0.650"/>
  <system-out/>
  <testcase classname="toolQA.test.ElementPageTest" name="WebTablesValidation" time="3.256"/>
  <system-out/>
  <testcase classname="toolQA.test.ElementPageTest" name="ButtonValidation" time="2.736"/>
  <system-out/>
  <testcase classname="toolQA.test.ElementPageTest" name="LinkValidation" time="20.895"/>
  <system-out/>
  <testcase classname="toolQA.test.ElementPageTest" name="BrokenLinksAndImageVerification" time="1.299"/>
  <system-out/>
  <testcase classname="toolQA.test.ElementPageTest" name="UploadAndDownloadValidation" time="9.490"/>
  <system-out/>
  <testcase classname="toolQA.test.ElementPageTest" name="DynamicPropertiesValidation" time="15.495"/>
  <system-out/>
</testsuite> <!-- toolQA.test.ElementPageTest -->
