<?xml version="1.0" encoding="UTF-8"?>
<!-- Generated by org.testng.reporters.JUnitReportReporter -->
<testsuite hostname="DESKTOP-MN0A3FR" failures="0" tests="9" name="toolQA.test.ElementClass" time="64.335" errors="0" timestamp="2021-09-17T18:16:33 IST" skipped="0">
  <testcase classname="toolQA.test.ElementClass" name="TextBoxValidation" time="5.425"/>
  <system-out/>
  <testcase classname="toolQA.test.ElementClass" name="CheckBoxValidation" time="6.854"/>
  <system-out/>
  <testcase classname="toolQA.test.ElementClass" name="RadioButtonValidation" time="0.457"/>
  <system-out/>
  <testcase classname="toolQA.test.ElementClass" name="WebTablesValidation" time="2.277"/>
  <system-out/>
  <testcase classname="toolQA.test.ElementClass" name="ButtonValidation" time="2.653"/>
  <system-out/>
  <testcase classname="toolQA.test.ElementClass" name="LinkValidation" time="20.757"/>
  <system-out/>
  <testcase classname="toolQA.test.ElementClass" name="BrokenLinksAndImageVerification" time="1.181"/>
  <system-out/>
  <testcase classname="toolQA.test.ElementClass" name="UploadAndDownloadValidation" time="9.369"/>
  <system-out/>
  <testcase classname="toolQA.test.ElementClass" name="DynamicPropertiesValidation" time="15.362"/>
  <system-out/>
</testsuite> <!-- toolQA.test.ElementClass -->
