<?xml version="1.0" encoding="UTF-8"?>
<!-- Generated by org.testng.reporters.JUnitReportReporter -->
<testsuite skipped="0" hostname="DESKTOP-MN0A3FR" name="toolQA.test.ElementPageTest" tests="9" failures="0" timestamp="2023-08-28T12:24:14 IST" time="77.055" errors="0">
  <testcase name="TextBoxValidation" time="8.090" classname="toolQA.test.ElementPageTest"/>
  <system-out/>
  <testcase name="CheckBoxValidation" time="8.155" classname="toolQA.test.ElementPageTest"/>
  <system-out/>
  <testcase name="RadioButtonValidation" time="1.311" classname="toolQA.test.ElementPageTest"/>
  <system-out/>
  <testcase name="WebTablesValidation" time="6.290" classname="toolQA.test.ElementPageTest"/>
  <system-out/>
  <testcase name="ButtonValidation" time="3.096" classname="toolQA.test.ElementPageTest"/>
  <system-out/>
  <testcase name="LinkValidation" time="22.040" classname="toolQA.test.ElementPageTest"/>
  <system-out/>
  <testcase name="BrokenLinksAndImageVerification" time="2.035" classname="toolQA.test.ElementPageTest"/>
  <system-out/>
  <testcase name="UploadAndDownloadValidation" time="10.010" classname="toolQA.test.ElementPageTest"/>
  <system-out/>
  <testcase name="DynamicPropertiesValidation" time="16.028" classname="toolQA.test.ElementPageTest"/>
  <system-out/>
</testsuite> <!-- toolQA.test.ElementPageTest -->
