<?xml version="1.0" encoding="UTF-8"?>
<!-- Generated by org.testng.reporters.JUnitReportReporter -->
<testsuite hostname="DESKTOP-MN0A3FR" failures="0" tests="1" name="toolQA.test.HomePageToolQA" time="0.006" errors="0" timestamp="07 Sep 2021 10:55:08 GMT" skipped="0">
  <testcase classname="toolQA.test.HomePageToolQA" name="sample" time="0.006"/>
</testsuite> <!-- toolQA.test.HomePageToolQA -->
