<?xml version="1.0" encoding="UTF-8"?>
<!-- Generated by org.testng.reporters.JUnitReportReporter -->
<testsuite hostname="DESKTOP-MN0A3FR" failures="0" tests="9" name="toolQA.test.ElementPageTest" time="66.136" errors="0" timestamp="2021-11-10T11:24:52 IST" skipped="0">
  <testcase classname="toolQA.test.ElementPageTest" name="TextBoxValidation" time="5.463"/>
  <system-out/>
  <testcase classname="toolQA.test.ElementPageTest" name="CheckBoxValidation" time="7.000"/>
  <system-out/>
  <testcase classname="toolQA.test.ElementPageTest" name="RadioButtonValidation" time="0.590"/>
  <system-out/>
  <testcase classname="toolQA.test.ElementPageTest" name="WebTablesValidation" time="3.163"/>
  <system-out/>
  <testcase classname="toolQA.test.ElementPageTest" name="ButtonValidation" time="2.782"/>
  <system-out/>
  <testcase classname="toolQA.test.ElementPageTest" name="LinkValidation" time="20.864"/>
  <system-out/>
  <testcase classname="toolQA.test.ElementPageTest" name="BrokenLinksAndImageVerification" time="1.235"/>
  <system-out/>
  <testcase classname="toolQA.test.ElementPageTest" name="UploadAndDownloadValidation" time="9.555"/>
  <system-out/>
  <testcase classname="toolQA.test.ElementPageTest" name="DynamicPropertiesValidation" time="15.484"/>
  <system-out/>
</testsuite> <!-- toolQA.test.ElementPageTest -->
