<?xml version="1.0" encoding="UTF-8"?>
<!-- Generated by org.testng.reporters.JUnitReportReporter -->
<testsuite hostname="DESKTOP-MN0A3FR" failures="0" tests="5" name="toolQA.test.AlertsFrameWindowsPageTest" time="52.923" errors="0" timestamp="2022-01-18T13:30:20 IST" skipped="0">
  <testcase classname="toolQA.test.AlertsFrameWindowsPageTest" name="BrowserWindowsValidation" time="29.031"/>
  <system-out/>
  <testcase classname="toolQA.test.AlertsFrameWindowsPageTest" name="AlertsValidationa" time="8.546"/>
  <system-out/>
  <testcase classname="toolQA.test.AlertsFrameWindowsPageTest" name="FramesValidation" time="6.414"/>
  <system-out/>
  <testcase classname="toolQA.test.AlertsFrameWindowsPageTest" name="NestedFramesValidation" time="2.414"/>
  <system-out/>
  <testcase classname="toolQA.test.AlertsFrameWindowsPageTest" name="ModalDialogValidation" time="6.518"/>
  <system-out/>
</testsuite> <!-- toolQA.test.AlertsFrameWindowsPageTest -->
