<?xml version="1.0" encoding="UTF-8"?>
<!-- Generated by org.testng.reporters.JUnitReportReporter -->
<testsuite hostname="DESKTOP-MN0A3FR" failures="0" tests="2" name="toolQA.test.HomePageToolQATest" time="0.442" errors="0" timestamp="2021-12-13T20:39:09 IST" skipped="0">
  <testcase classname="toolQA.test.HomePageToolQATest" name="HomePageValidation" time="0.438"/>
  <system-out/>
  <testcase classname="toolQA.test.HomePageToolQATest" name="Test1" time="0.004"/>
  <system-out/>
</testsuite> <!-- toolQA.test.HomePageToolQATest -->
